# JRE version: OpenJDK Runtime Environment Temurin-21.0.8+9 (21.0.8+9) (build 21.0.8+9-LTS)
# Java VM: OpenJDK 64-Bit Server VM Temurin-21.0.8+9 (21.0.8+9-LTS, mixed mode, sharing, tiered, compressed oops, compressed class ptrs, parallel gc, windows-amd64)
GC Precious Log:
 CardTable entry size: 512
 CPUs: 8 total, 8 available
 Memory: 7975M
 Large Page Support: Disabled
 NUMA Support: Disabled
 Compressed Oops: Enabled (32-bit)
 Alignments: Space 512K, Generation 512K, Heap 2M
 Heap Min Capacity: 100M
 Heap Initial Capacity: 100M
 Heap Max Capacity: 2G
 Pre-touch: Disabled
 Parallel Workers: 8
Heap:
 PSYoungGen      total 2048K, used 499K [0x00000000d5580000, 0x00000000d5880000, 0x0000000100000000)
  eden space 1536K, 0% used [0x00000000d5580000,0x00000000d5580000,0x00000000d5700000)
  from space 512K, 97% used [0x00000000d5780000,0x00000000d57fcfe0,0x00000000d5800000)
  to   space 512K, 0% used [0x00000000d5800000,0x00000000d5800000,0x00000000d5880000)
 ParOldGen       total 452608K, used 423686K [0x0000000080000000, 0x000000009ba00000, 0x00000000d5580000)
  object space 452608K, 93% used [0x0000000080000000,0x0000000099dc1b20,0x000000009ba00000)
 Metaspace       used 85787K, committed 87488K, reserved 1179648K
  class space    used 9928K, committed 10688K, reserved 1048576K
GC Heap History (20 events):
Event: 1258.594 GC heap after
{Heap after GC invocations=1757 (full 4):
 PSYoungGen      total 2560K, used 683K [0x00000000d5580000, 0x00000000d5900000, 0x0000000100000000)
  eden space 1536K, 0% used [0x00000000d5580000,0x00000000d5580000,0x00000000d5700000)
  from space 1024K, 66% used [0x00000000d5700000,0x00000000d57aae38,0x00000000d5800000)
  to   space 1024K, 0% used [0x00000000d5800000,0x00000000d5800000,0x00000000d5900000)
 ParOldGen       total 452608K, used 419752K [0x0000000080000000, 0x000000009ba00000, 0x00000000d5580000)
  object space 452608K, 92% used [0x0000000080000000,0x00000000999ea2b8,0x000000009ba00000)
 Metaspace       used 85765K, committed 87424K, reserved 1179648K
  class space    used 9927K, committed 10688K, reserved 1048576K
}
Event: 1259.164 GC heap before
{Heap before GC invocations=1758 (full 4):
 PSYoungGen      total 2560K, used 2219K [0x00000000d5580000, 0x00000000d5900000, 0x0000000100000000)
  eden space 1536K, 100% used [0x00000000d5580000,0x00000000d5700000,0x00000000d5700000)
  from space 1024K, 66% used [0x00000000d5700000,0x00000000d57aae38,0x00000000d5800000)
  to   space 1024K, 0% used [0x00000000d5800000,0x00000000d5800000,0x00000000d5900000)
 ParOldGen       total 452608K, used 419752K [0x0000000080000000, 0x000000009ba00000, 0x00000000d5580000)
  object space 452608K, 92% used [0x0000000080000000,0x00000000999ea2b8,0x000000009ba00000)
 Metaspace       used 85766K, committed 87424K, reserved 1179648K
  class space    used 9927K, committed 10688K, reserved 1048576K
}
Event: 1259.179 GC heap after
{Heap after GC invocations=1758 (full 4):
 PSYoungGen      total 2048K, used 406K [0x00000000d5580000, 0x00000000d5880000, 0x0000000100000000)
  eden space 1536K, 0% used [0x00000000d5580000,0x00000000d5580000,0x00000000d5700000)
  from space 512K, 79% used [0x00000000d5800000,0x00000000d5865a40,0x00000000d5880000)
  to   space 512K, 0% used [0x00000000d5780000,0x00000000d5780000,0x00000000d5800000)
 ParOldGen       total 452608K, used 420411K [0x0000000080000000, 0x000000009ba00000, 0x00000000d5580000)
  object space 452608K, 92% used [0x0000000080000000,0x0000000099a8ee80,0x000000009ba00000)
 Metaspace       used 85766K, committed 87424K, reserved 1179648K
  class space    used 9927K, committed 10688K, reserved 1048576K
}
Event: 1259.201 GC heap before
{Heap before GC invocations=1759 (full 4):
 PSYoungGen      total 2048K, used 1942K [0x00000000d5580000, 0x00000000d5880000, 0x0000000100000000)
  eden space 1536K, 99% used [0x00000000d5580000,0x00000000d56ffff8,0x00000000d5700000)
  from space 512K, 79% used [0x00000000d5800000,0x00000000d5865a40,0x00000000d5880000)
  to   space 512K, 0% used [0x00000000d5780000,0x00000000d5780000,0x00000000d5800000)
 ParOldGen       total 452608K, used 420411K [0x0000000080000000, 0x000000009ba00000, 0x00000000d5580000)
  object space 452608K, 92% used [0x0000000080000000,0x0000000099a8ee80,0x000000009ba00000)
 Metaspace       used 85766K, committed 87424K, reserved 1179648K
  class space    used 9927K, committed 10688K, reserved 1048576K
}
Event: 1259.211 GC heap after
{Heap after GC invocations=1759 (full 4):
 PSYoungGen      total 2048K, used 128K [0x00000000d5580000, 0x00000000d5880000, 0x0000000100000000)
  eden space 1536K, 0% used [0x00000000d5580000,0x00000000d5580000,0x00000000d5700000)
  from space 512K, 25% used [0x00000000d5780000,0x00000000d57a0000,0x00000000d5800000)
  to   space 512K, 0% used [0x00000000d5800000,0x00000000d5800000,0x00000000d5880000)
 ParOldGen       total 452608K, used 420771K [0x0000000080000000, 0x000000009ba00000, 0x00000000d5580000)
  object space 452608K, 92% used [0x0000000080000000,0x0000000099ae8e88,0x000000009ba00000)
 Metaspace       used 85766K, committed 87424K, reserved 1179648K
  class space    used 9927K, committed 10688K, reserved 1048576K
}
Event: 1260.408 GC heap before
{Heap before GC invocations=1760 (full 4):
 PSYoungGen      total 2048K, used 1664K [0x00000000d5580000, 0x00000000d5880000, 0x0000000100000000)
  eden space 1536K, 100% used [0x00000000d5580000,0x00000000d5700000,0x00000000d5700000)
  from space 512K, 25% used [0x00000000d5780000,0x00000000d57a0000,0x00000000d5800000)
  to   space 512K, 0% used [0x00000000d5800000,0x00000000d5800000,0x00000000d5880000)
 ParOldGen       total 452608K, used 420771K [0x0000000080000000, 0x000000009ba00000, 0x00000000d5580000)
  object space 452608K, 92% used [0x0000000080000000,0x0000000099ae8e88,0x000000009ba00000)
 Metaspace       used 85771K, committed 87424K, reserved 1179648K
  class space    used 9927K, committed 10688K, reserved 1048576K
}
Event: 1260.413 GC heap after
{Heap after GC invocations=1760 (full 4):
 PSYoungGen      total 2048K, used 510K [0x00000000d5580000, 0x00000000d5900000, 0x0000000100000000)
  eden space 1536K, 0% used [0x00000000d5580000,0x00000000d5580000,0x00000000d5700000)
  from space 512K, 99% used [0x00000000d5800000,0x00000000d587f800,0x00000000d5880000)
  to   space 1024K, 0% used [0x00000000d5700000,0x00000000d5700000,0x00000000d5800000)
 ParOldGen       total 452608K, used 420779K [0x0000000080000000, 0x000000009ba00000, 0x00000000d5580000)
  object space 452608K, 92% used [0x0000000080000000,0x0000000099aeae88,0x000000009ba00000)
 Metaspace       used 85771K, committed 87424K, reserved 1179648K
  class space    used 9927K, committed 10688K, reserved 1048576K
}
Event: 1260.470 GC heap before
{Heap before GC invocations=1761 (full 4):
 PSYoungGen      total 2048K, used 2046K [0x00000000d5580000, 0x00000000d5900000, 0x0000000100000000)
  eden space 1536K, 100% used [0x00000000d5580000,0x00000000d5700000,0x00000000d5700000)
  from space 512K, 99% used [0x00000000d5800000,0x00000000d587f800,0x00000000d5880000)
  to   space 1024K, 0% used [0x00000000d5700000,0x00000000d5700000,0x00000000d5800000)
 ParOldGen       total 452608K, used 420779K [0x0000000080000000, 0x000000009ba00000, 0x00000000d5580000)
  object space 452608K, 92% used [0x0000000080000000,0x0000000099aeae88,0x000000009ba00000)
 Metaspace       used 85771K, committed 87424K, reserved 1179648K
  class space    used 9927K, committed 10688K, reserved 1048576K
}
Event: 1260.494 GC heap after
{Heap after GC invocations=1761 (full 4):
 PSYoungGen      total 2560K, used 309K [0x00000000d5580000, 0x00000000d5880000, 0x0000000100000000)
  eden space 1536K, 0% used [0x00000000d5580000,0x00000000d5580000,0x00000000d5700000)
  from space 1024K, 30% used [0x00000000d5700000,0x00000000d574d400,0x00000000d5800000)
  to   space 512K, 0% used [0x00000000d5800000,0x00000000d5800000,0x00000000d5880000)
 ParOldGen       total 452608K, used 421165K [0x0000000080000000, 0x000000009ba00000, 0x00000000d5580000)
  object space 452608K, 93% used [0x0000000080000000,0x0000000099b4b680,0x000000009ba00000)
 Metaspace       used 85771K, committed 87424K, reserved 1179648K
  class space    used 9927K, committed 10688K, reserved 1048576K
}
Event: 1260.638 GC heap before
{Heap before GC invocations=1762 (full 4):
 PSYoungGen      total 2560K, used 1844K [0x00000000d5580000, 0x00000000d5880000, 0x0000000100000000)
  eden space 1536K, 99% used [0x00000000d5580000,0x00000000d56fffd0,0x00000000d5700000)
  from space 1024K, 30% used [0x00000000d5700000,0x00000000d574d400,0x00000000d5800000)
  to   space 512K, 0% used [0x00000000d5800000,0x00000000d5800000,0x00000000d5880000)
 ParOldGen       total 452608K, used 421165K [0x0000000080000000, 0x000000009ba00000, 0x00000000d5580000)
  object space 452608K, 93% used [0x0000000080000000,0x0000000099b4b680,0x000000009ba00000)
 Metaspace       used 85775K, committed 87424K, reserved 1179648K
  class space    used 9927K, committed 10688K, reserved 1048576K
}
Event: 1260.641 GC heap after
{Heap after GC invocations=1762 (full 4):
 PSYoungGen      total 2048K, used 256K [0x00000000d5580000, 0x00000000d5880000, 0x0000000100000000)
  eden space 1536K, 0% used [0x00000000d5580000,0x00000000d5580000,0x00000000d5700000)
  from space 512K, 50% used [0x00000000d5800000,0x00000000d5840000,0x00000000d5880000)
  to   space 512K, 0% used [0x00000000d5780000,0x00000000d5780000,0x00000000d5800000)
 ParOldGen       total 452608K, used 421287K [0x0000000080000000, 0x000000009ba00000, 0x00000000d5580000)
  object space 452608K, 93% used [0x0000000080000000,0x0000000099b69e80,0x000000009ba00000)
 Metaspace       used 85775K, committed 87424K, reserved 1179648K
  class space    used 9927K, committed 10688K, reserved 1048576K
}
Event: 1260.750 GC heap before
{Heap before GC invocations=1763 (full 4):
 PSYoungGen      total 2048K, used 1792K [0x00000000d5580000, 0x00000000d5880000, 0x0000000100000000)
  eden space 1536K, 100% used [0x00000000d5580000,0x00000000d5700000,0x00000000d5700000)
  from space 512K, 50% used [0x00000000d5800000,0x00000000d5840000,0x00000000d5880000)
  to   space 512K, 0% used [0x00000000d5780000,0x00000000d5780000,0x00000000d5800000)
 ParOldGen       total 452608K, used 421287K [0x0000000080000000, 0x000000009ba00000, 0x00000000d5580000)
  object space 452608K, 93% used [0x0000000080000000,0x0000000099b69e80,0x000000009ba00000)
 Metaspace       used 85776K, committed 87424K, reserved 1179648K
  class space    used 9927K, committed 10688K, reserved 1048576K
}
Event: 1260.752 GC heap after
{Heap after GC invocations=1763 (full 4):
 PSYoungGen      total 2048K, used 320K [0x00000000d5580000, 0x00000000d5880000, 0x0000000100000000)
  eden space 1536K, 0% used [0x00000000d5580000,0x00000000d5580000,0x00000000d5700000)
  from space 512K, 62% used [0x00000000d5780000,0x00000000d57d0000,0x00000000d5800000)
  to   space 512K, 0% used [0x00000000d5800000,0x00000000d5800000,0x00000000d5880000)
 ParOldGen       total 452608K, used 421375K [0x0000000080000000, 0x000000009ba00000, 0x00000000d5580000)
  object space 452608K, 93% used [0x0000000080000000,0x0000000099b7fe80,0x000000009ba00000)
 Metaspace       used 85776K, committed 87424K, reserved 1179648K
  class space    used 9927K, committed 10688K, reserved 1048576K
}
Event: 1260.839 GC heap before
{Heap before GC invocations=1764 (full 4):
 PSYoungGen      total 2048K, used 1856K [0x00000000d5580000, 0x00000000d5880000, 0x0000000100000000)
  eden space 1536K, 100% used [0x00000000d5580000,0x00000000d5700000,0x00000000d5700000)
  from space 512K, 62% used [0x00000000d5780000,0x00000000d57d0000,0x00000000d5800000)
  to   space 512K, 0% used [0x00000000d5800000,0x00000000d5800000,0x00000000d5880000)
 ParOldGen       total 452608K, used 421375K [0x0000000080000000, 0x000000009ba00000, 0x00000000d5580000)
  object space 452608K, 93% used [0x0000000080000000,0x0000000099b7fe80,0x000000009ba00000)
 Metaspace       used 85783K, committed 87488K, reserved 1179648K
  class space    used 9927K, committed 10688K, reserved 1048576K
}
Event: 1260.848 GC heap after
{Heap after GC invocations=1764 (full 4):
 PSYoungGen      total 2048K, used 352K [0x00000000d5580000, 0x00000000d5880000, 0x0000000100000000)
  eden space 1536K, 0% used [0x00000000d5580000,0x00000000d5580000,0x00000000d5700000)
  from space 512K, 68% used [0x00000000d5800000,0x00000000d5858000,0x00000000d5880000)
  to   space 512K, 0% used [0x00000000d5780000,0x00000000d5780000,0x00000000d5800000)
 ParOldGen       total 452608K, used 421463K [0x0000000080000000, 0x000000009ba00000, 0x00000000d5580000)
  object space 452608K, 93% used [0x0000000080000000,0x0000000099b95e80,0x000000009ba00000)
 Metaspace       used 85783K, committed 87488K, reserved 1179648K
  class space    used 9927K, committed 10688K, reserved 1048576K
}
Event: 1262.419 GC heap before
{Heap before GC invocations=1765 (full 4):
 PSYoungGen      total 2048K, used 1872K [0x00000000d5580000, 0x00000000d5880000, 0x0000000100000000)
  eden space 1536K, 98% used [0x00000000d5580000,0x00000000d56fc0f0,0x00000000d5700000)
  from space 512K, 68% used [0x00000000d5800000,0x00000000d5858000,0x00000000d5880000)
  to   space 512K, 0% used [0x00000000d5780000,0x00000000d5780000,0x00000000d5800000)
 ParOldGen       total 452608K, used 421463K [0x0000000080000000, 0x000000009ba00000, 0x00000000d5580000)
  object space 452608K, 93% used [0x0000000080000000,0x0000000099b95e80,0x000000009ba00000)
 Metaspace       used 85784K, committed 87488K, reserved 1179648K
  class space    used 9927K, committed 10688K, reserved 1048576K
}
Event: 1264.425 GC heap after
{Heap after GC invocations=1765 (full 4):
 PSYoungGen      total 2048K, used 506K [0x00000000d5580000, 0x00000000d5880000, 0x0000000100000000)
  eden space 1536K, 0% used [0x00000000d5580000,0x00000000d5580000,0x00000000d5700000)
  from space 512K, 98% used [0x00000000d5780000,0x00000000d57fe810,0x00000000d5800000)
  to   space 512K, 0% used [0x00000000d5800000,0x00000000d5800000,0x00000000d5880000)
 ParOldGen       total 452608K, used 421607K [0x0000000080000000, 0x000000009ba00000, 0x00000000d5580000)
  object space 452608K, 93% used [0x0000000080000000,0x0000000099bb9e90,0x000000009ba00000)
 Metaspace       used 85784K, committed 87488K, reserved 1179648K
  class space    used 9927K, committed 10688K, reserved 1048576K
}
Event: 1265.247 GC heap before
{Heap before GC invocations=1766 (full 4):
 PSYoungGen      total 2048K, used 2042K [0x00000000d5580000, 0x00000000d5880000, 0x0000000100000000)
  eden space 1536K, 100% used [0x00000000d5580000,0x00000000d5700000,0x00000000d5700000)
  from space 512K, 98% used [0x00000000d5780000,0x00000000d57fe810,0x00000000d5800000)
  to   space 512K, 0% used [0x00000000d5800000,0x00000000d5800000,0x00000000d5880000)
 ParOldGen       total 452608K, used 421607K [0x0000000080000000, 0x000000009ba00000, 0x00000000d5580000)
  object space 452608K, 93% used [0x0000000080000000,0x0000000099bb9e90,0x000000009ba00000)
 Metaspace       used 85784K, committed 87488K, reserved 1179648K
  class space    used 9927K, committed 10688K, reserved 1048576K
}
Event: 1267.258 GC heap after
{Heap after GC invocations=1766 (full 4):
 PSYoungGen      total 2048K, used 507K [0x00000000d5580000, 0x00000000d5880000, 0x0000000100000000)
  eden space 1536K, 0% used [0x00000000d5580000,0x00000000d5580000,0x00000000d5700000)
  from space 512K, 99% used [0x00000000d5800000,0x00000000d587efa0,0x00000000d5880000)
  to   space 512K, 0% used [0x00000000d5780000,0x00000000d5780000,0x00000000d5800000)
 ParOldGen       total 452608K, used 423048K [0x0000000080000000, 0x000000009ba00000, 0x00000000d5580000)
  object space 452608K, 93% used [0x0000000080000000,0x0000000099d220e0,0x000000009ba00000)
 Metaspace       used 85784K, committed 87488K, reserved 1179648K
  class space    used 9927K, committed 10688K, reserved 1048576K
}
Event: 1267.527 GC heap before
{Heap before GC invocations=1767 (full 4):
 PSYoungGen      total 2048K, used 2043K [0x00000000d5580000, 0x00000000d5880000, 0x0000000100000000)
  eden space 1536K, 100% used [0x00000000d5580000,0x00000000d5700000,0x00000000d5700000)
  from space 512K, 99% used [0x00000000d5800000,0x00000000d587efa0,0x00000000d5880000)
  to   space 512K, 0% used [0x00000000d5780000,0x00000000d5780000,0x00000000d5800000)
 ParOldGen       total 452608K, used 423048K [0x0000000080000000, 0x000000009ba00000, 0x00000000d5580000)
  object space 452608K, 93% used [0x0000000080000000,0x0000000099d220e0,0x000000009ba00000)
 Metaspace       used 85787K, committed 87488K, reserved 1179648K
  class space    used 9928K, committed 10688K, reserved 1048576K
}

