# JRE version: OpenJDK Runtime Environment Temurin-21.0.8+9 (21.0.8+9) (build 21.0.8+9-LTS)
# Java VM: OpenJDK 64-Bit Server VM Temurin-21.0.8+9 (21.0.8+9-LTS, mixed mode, sharing, tiered, compressed oops, compressed class ptrs, parallel gc, windows-amd64)
GC Precious Log:
 CardTable entry size: 512
 CPUs: 8 total, 8 available
 Memory: 7975M
 Large Page Support: Disabled
 NUMA Support: Disabled
 Compressed Oops: Enabled (32-bit)
 Alignments: Space 512K, Generation 512K, Heap 2M
 Heap Min Capacity: 100M
 Heap Initial Capacity: 100M
 Heap Max Capacity: 2G
 Pre-touch: Disabled
 Parallel Workers: 8
Heap:
 PSYoungGen      total 10240K, used 4398K [0x00000000d5580000, 0x00000000d6100000, 0x0000000100000000)
  eden space 9216K, 38% used [0x00000000d5580000,0x00000000d58f3ba8,0x00000000d5e80000)
  from space 1024K, 84% used [0x00000000d5f80000,0x00000000d6058020,0x00000000d6080000)
  to   space 512K, 0% used [0x00000000d6080000,0x00000000d6080000,0x00000000d6100000)
 ParOldGen       total 68608K, used 62021K [0x0000000080000000, 0x0000000084300000, 0x00000000d5580000)
  object space 68608K, 90% used [0x0000000080000000,0x0000000083c91680,0x0000000084300000)
 Metaspace       used 61507K, committed 62720K, reserved 1114112K
  class space    used 7223K, committed 7680K, reserved 1048576K
GC Heap History (20 events):
Event: 71.061 GC heap before
{Heap before GC invocations=53 (full 3):
 PSYoungGen      total 11264K, used 10304K [0x00000000d5580000, 0x00000000d6480000, 0x0000000100000000)
  eden space 9216K, 100% used [0x00000000d5580000,0x00000000d5e80000,0x00000000d5e80000)
  from space 2048K, 53% used [0x00000000d6080000,0x00000000d6190010,0x00000000d6280000)
  to   space 1536K, 0% used [0x00000000d6300000,0x00000000d6300000,0x00000000d6480000)
 ParOldGen       total 68608K, used 53454K [0x0000000080000000, 0x0000000084300000, 0x00000000d5580000)
  object space 68608K, 77% used [0x0000000080000000,0x00000000834339b0,0x0000000084300000)
 Metaspace       used 60625K, committed 61888K, reserved 1114112K
  class space    used 7118K, committed 7616K, reserved 1048576K
}
Event: 71.065 GC heap after
{Heap after GC invocations=53 (full 3):
 PSYoungGen      total 10240K, used 960K [0x00000000d5580000, 0x00000000d6400000, 0x0000000100000000)
  eden space 9216K, 0% used [0x00000000d5580000,0x00000000d5580000,0x00000000d5e80000)
  from space 1024K, 93% used [0x00000000d6300000,0x00000000d63f0000,0x00000000d6400000)
  to   space 1536K, 0% used [0x00000000d6100000,0x00000000d6100000,0x00000000d6280000)
 ParOldGen       total 68608K, used 54382K [0x0000000080000000, 0x0000000084300000, 0x00000000d5580000)
  object space 68608K, 79% used [0x0000000080000000,0x000000008351b9c0,0x0000000084300000)
 Metaspace       used 60625K, committed 61888K, reserved 1114112K
  class space    used 7118K, committed 7616K, reserved 1048576K
}
Event: 71.163 GC heap before
{Heap before GC invocations=54 (full 3):
 PSYoungGen      total 10240K, used 10176K [0x00000000d5580000, 0x00000000d6400000, 0x0000000100000000)
  eden space 9216K, 100% used [0x00000000d5580000,0x00000000d5e80000,0x00000000d5e80000)
  from space 1024K, 93% used [0x00000000d6300000,0x00000000d63f0000,0x00000000d6400000)
  to   space 1536K, 0% used [0x00000000d6100000,0x00000000d6100000,0x00000000d6280000)
 ParOldGen       total 68608K, used 54382K [0x0000000080000000, 0x0000000084300000, 0x00000000d5580000)
  object space 68608K, 79% used [0x0000000080000000,0x000000008351b9c0,0x0000000084300000)
 Metaspace       used 60660K, committed 61888K, reserved 1114112K
  class space    used 7120K, committed 7616K, reserved 1048576K
}
Event: 71.168 GC heap after
{Heap after GC invocations=54 (full 3):
 PSYoungGen      total 10752K, used 1186K [0x00000000d5580000, 0x00000000d6380000, 0x0000000100000000)
  eden space 9216K, 0% used [0x00000000d5580000,0x00000000d5580000,0x00000000d5e80000)
  from space 1536K, 77% used [0x00000000d6100000,0x00000000d6228800,0x00000000d6280000)
  to   space 1024K, 0% used [0x00000000d6280000,0x00000000d6280000,0x00000000d6380000)
 ParOldGen       total 68608K, used 55198K [0x0000000080000000, 0x0000000084300000, 0x00000000d5580000)
  object space 68608K, 80% used [0x0000000080000000,0x00000000835e79c0,0x0000000084300000)
 Metaspace       used 60660K, committed 61888K, reserved 1114112K
  class space    used 7120K, committed 7616K, reserved 1048576K
}
Event: 71.259 GC heap before
{Heap before GC invocations=55 (full 3):
 PSYoungGen      total 10752K, used 10402K [0x00000000d5580000, 0x00000000d6380000, 0x0000000100000000)
  eden space 9216K, 100% used [0x00000000d5580000,0x00000000d5e80000,0x00000000d5e80000)
  from space 1536K, 77% used [0x00000000d6100000,0x00000000d6228800,0x00000000d6280000)
  to   space 1024K, 0% used [0x00000000d6280000,0x00000000d6280000,0x00000000d6380000)
 ParOldGen       total 68608K, used 55198K [0x0000000080000000, 0x0000000084300000, 0x00000000d5580000)
  object space 68608K, 80% used [0x0000000080000000,0x00000000835e79c0,0x0000000084300000)
 Metaspace       used 60663K, committed 61888K, reserved 1114112K
  class space    used 7120K, committed 7616K, reserved 1048576K
}
Event: 71.264 GC heap after
{Heap after GC invocations=55 (full 3):
 PSYoungGen      total 10240K, used 996K [0x00000000d5580000, 0x00000000d6380000, 0x0000000100000000)
  eden space 9216K, 0% used [0x00000000d5580000,0x00000000d5580000,0x00000000d5e80000)
  from space 1024K, 97% used [0x00000000d6280000,0x00000000d6379000,0x00000000d6380000)
  to   space 2560K, 0% used [0x00000000d5e80000,0x00000000d5e80000,0x00000000d6100000)
 ParOldGen       total 68608K, used 56156K [0x0000000080000000, 0x0000000084300000, 0x00000000d5580000)
  object space 68608K, 81% used [0x0000000080000000,0x00000000836d7370,0x0000000084300000)
 Metaspace       used 60663K, committed 61888K, reserved 1114112K
  class space    used 7120K, committed 7616K, reserved 1048576K
}
Event: 71.312 GC heap before
{Heap before GC invocations=56 (full 3):
 PSYoungGen      total 10240K, used 10212K [0x00000000d5580000, 0x00000000d6380000, 0x0000000100000000)
  eden space 9216K, 100% used [0x00000000d5580000,0x00000000d5e80000,0x00000000d5e80000)
  from space 1024K, 97% used [0x00000000d6280000,0x00000000d6379000,0x00000000d6380000)
  to   space 2560K, 0% used [0x00000000d5e80000,0x00000000d5e80000,0x00000000d6100000)
 ParOldGen       total 68608K, used 56156K [0x0000000080000000, 0x0000000084300000, 0x00000000d5580000)
  object space 68608K, 81% used [0x0000000080000000,0x00000000836d7370,0x0000000084300000)
 Metaspace       used 60664K, committed 61888K, reserved 1114112K
  class space    used 7120K, committed 7616K, reserved 1048576K
}
Event: 71.316 GC heap after
{Heap after GC invocations=56 (full 3):
 PSYoungGen      total 11776K, used 928K [0x00000000d5580000, 0x00000000d6300000, 0x0000000100000000)
  eden space 9216K, 0% used [0x00000000d5580000,0x00000000d5580000,0x00000000d5e80000)
  from space 2560K, 36% used [0x00000000d5e80000,0x00000000d5f68000,0x00000000d6100000)
  to   space 1536K, 0% used [0x00000000d6180000,0x00000000d6180000,0x00000000d6300000)
 ParOldGen       total 68608K, used 57117K [0x0000000080000000, 0x0000000084300000, 0x00000000d5580000)
  object space 68608K, 83% used [0x0000000080000000,0x00000000837c7470,0x0000000084300000)
 Metaspace       used 60664K, committed 61888K, reserved 1114112K
  class space    used 7120K, committed 7616K, reserved 1048576K
}
Event: 71.343 GC heap before
{Heap before GC invocations=57 (full 3):
 PSYoungGen      total 11776K, used 10144K [0x00000000d5580000, 0x00000000d6300000, 0x0000000100000000)
  eden space 9216K, 100% used [0x00000000d5580000,0x00000000d5e80000,0x00000000d5e80000)
  from space 2560K, 36% used [0x00000000d5e80000,0x00000000d5f68000,0x00000000d6100000)
  to   space 1536K, 0% used [0x00000000d6180000,0x00000000d6180000,0x00000000d6300000)
 ParOldGen       total 68608K, used 57117K [0x0000000080000000, 0x0000000084300000, 0x00000000d5580000)
  object space 68608K, 83% used [0x0000000080000000,0x00000000837c7470,0x0000000084300000)
 Metaspace       used 60666K, committed 61888K, reserved 1114112K
  class space    used 7120K, committed 7616K, reserved 1048576K
}
Event: 71.348 GC heap after
{Heap after GC invocations=57 (full 3):
 PSYoungGen      total 10240K, used 960K [0x00000000d5580000, 0x00000000d6280000, 0x0000000100000000)
  eden space 9216K, 0% used [0x00000000d5580000,0x00000000d5580000,0x00000000d5e80000)
  from space 1024K, 93% used [0x00000000d6180000,0x00000000d6270000,0x00000000d6280000)
  to   space 1024K, 0% used [0x00000000d6080000,0x00000000d6080000,0x00000000d6180000)
 ParOldGen       total 68608K, used 57845K [0x0000000080000000, 0x0000000084300000, 0x00000000d5580000)
  object space 68608K, 84% used [0x0000000080000000,0x000000008387d470,0x0000000084300000)
 Metaspace       used 60666K, committed 61888K, reserved 1114112K
  class space    used 7120K, committed 7616K, reserved 1048576K
}
Event: 71.514 GC heap before
{Heap before GC invocations=58 (full 3):
 PSYoungGen      total 10240K, used 10176K [0x00000000d5580000, 0x00000000d6280000, 0x0000000100000000)
  eden space 9216K, 100% used [0x00000000d5580000,0x00000000d5e80000,0x00000000d5e80000)
  from space 1024K, 93% used [0x00000000d6180000,0x00000000d6270000,0x00000000d6280000)
  to   space 1024K, 0% used [0x00000000d6080000,0x00000000d6080000,0x00000000d6180000)
 ParOldGen       total 68608K, used 57845K [0x0000000080000000, 0x0000000084300000, 0x00000000d5580000)
  object space 68608K, 84% used [0x0000000080000000,0x000000008387d470,0x0000000084300000)
 Metaspace       used 60678K, committed 61888K, reserved 1114112K
  class space    used 7120K, committed 7616K, reserved 1048576K
}
Event: 71.518 GC heap after
{Heap after GC invocations=58 (full 3):
 PSYoungGen      total 10240K, used 960K [0x00000000d5580000, 0x00000000d6200000, 0x0000000100000000)
  eden space 9216K, 0% used [0x00000000d5580000,0x00000000d5580000,0x00000000d5e80000)
  from space 1024K, 93% used [0x00000000d6080000,0x00000000d6170000,0x00000000d6180000)
  to   space 512K, 0% used [0x00000000d6180000,0x00000000d6180000,0x00000000d6200000)
 ParOldGen       total 68608K, used 58621K [0x0000000080000000, 0x0000000084300000, 0x00000000d5580000)
  object space 68608K, 85% used [0x0000000080000000,0x000000008393f470,0x0000000084300000)
 Metaspace       used 60678K, committed 61888K, reserved 1114112K
  class space    used 7120K, committed 7616K, reserved 1048576K
}
Event: 71.969 GC heap before
{Heap before GC invocations=59 (full 3):
 PSYoungGen      total 10240K, used 10175K [0x00000000d5580000, 0x00000000d6200000, 0x0000000100000000)
  eden space 9216K, 99% used [0x00000000d5580000,0x00000000d5e7ffe8,0x00000000d5e80000)
  from space 1024K, 93% used [0x00000000d6080000,0x00000000d6170000,0x00000000d6180000)
  to   space 512K, 0% used [0x00000000d6180000,0x00000000d6180000,0x00000000d6200000)
 ParOldGen       total 68608K, used 58621K [0x0000000080000000, 0x0000000084300000, 0x00000000d5580000)
  object space 68608K, 85% used [0x0000000080000000,0x000000008393f470,0x0000000084300000)
 Metaspace       used 60695K, committed 61888K, reserved 1114112K
  class space    used 7120K, committed 7616K, reserved 1048576K
}
Event: 71.975 GC heap after
{Heap after GC invocations=59 (full 3):
 PSYoungGen      total 9728K, used 512K [0x00000000d5580000, 0x00000000d6280000, 0x0000000100000000)
  eden space 9216K, 0% used [0x00000000d5580000,0x00000000d5580000,0x00000000d5e80000)
  from space 512K, 100% used [0x00000000d6180000,0x00000000d6200000,0x00000000d6200000)
  to   space 2048K, 0% used [0x00000000d5e80000,0x00000000d5e80000,0x00000000d6080000)
 ParOldGen       total 68608K, used 59941K [0x0000000080000000, 0x0000000084300000, 0x00000000d5580000)
  object space 68608K, 87% used [0x0000000080000000,0x0000000083a89480,0x0000000084300000)
 Metaspace       used 60695K, committed 61888K, reserved 1114112K
  class space    used 7120K, committed 7616K, reserved 1048576K
}
Event: 72.346 GC heap before
{Heap before GC invocations=60 (full 3):
 PSYoungGen      total 9728K, used 9728K [0x00000000d5580000, 0x00000000d6280000, 0x0000000100000000)
  eden space 9216K, 100% used [0x00000000d5580000,0x00000000d5e80000,0x00000000d5e80000)
  from space 512K, 100% used [0x00000000d6180000,0x00000000d6200000,0x00000000d6200000)
  to   space 2048K, 0% used [0x00000000d5e80000,0x00000000d5e80000,0x00000000d6080000)
 ParOldGen       total 68608K, used 59941K [0x0000000080000000, 0x0000000084300000, 0x00000000d5580000)
  object space 68608K, 87% used [0x0000000080000000,0x0000000083a89480,0x0000000084300000)
 Metaspace       used 60697K, committed 61888K, reserved 1114112K
  class space    used 7120K, committed 7616K, reserved 1048576K
}
Event: 72.349 GC heap after
{Heap after GC invocations=60 (full 3):
 PSYoungGen      total 11264K, used 896K [0x00000000d5580000, 0x00000000d6200000, 0x0000000100000000)
  eden space 9216K, 0% used [0x00000000d5580000,0x00000000d5580000,0x00000000d5e80000)
  from space 2048K, 43% used [0x00000000d5e80000,0x00000000d5f60000,0x00000000d6080000)
  to   space 1536K, 0% used [0x00000000d6080000,0x00000000d6080000,0x00000000d6200000)
 ParOldGen       total 68608K, used 60485K [0x0000000080000000, 0x0000000084300000, 0x00000000d5580000)
  object space 68608K, 88% used [0x0000000080000000,0x0000000083b11480,0x0000000084300000)
 Metaspace       used 60697K, committed 61888K, reserved 1114112K
  class space    used 7120K, committed 7616K, reserved 1048576K
}
Event: 72.825 GC heap before
{Heap before GC invocations=61 (full 3):
 PSYoungGen      total 11264K, used 10112K [0x00000000d5580000, 0x00000000d6200000, 0x0000000100000000)
  eden space 9216K, 100% used [0x00000000d5580000,0x00000000d5e80000,0x00000000d5e80000)
  from space 2048K, 43% used [0x00000000d5e80000,0x00000000d5f60000,0x00000000d6080000)
  to   space 1536K, 0% used [0x00000000d6080000,0x00000000d6080000,0x00000000d6200000)
 ParOldGen       total 68608K, used 60485K [0x0000000080000000, 0x0000000084300000, 0x00000000d5580000)
  object space 68608K, 88% used [0x0000000080000000,0x0000000083b11480,0x0000000084300000)
 Metaspace       used 60710K, committed 61952K, reserved 1114112K
  class space    used 7120K, committed 7616K, reserved 1048576K
}
Event: 72.828 GC heap after
{Heap after GC invocations=61 (full 3):
 PSYoungGen      total 10240K, used 856K [0x00000000d5580000, 0x00000000d6180000, 0x0000000100000000)
  eden space 9216K, 0% used [0x00000000d5580000,0x00000000d5580000,0x00000000d5e80000)
  from space 1024K, 83% used [0x00000000d6080000,0x00000000d6156200,0x00000000d6180000)
  to   space 1024K, 0% used [0x00000000d5f80000,0x00000000d5f80000,0x00000000d6080000)
 ParOldGen       total 68608K, used 61269K [0x0000000080000000, 0x0000000084300000, 0x00000000d5580000)
  object space 68608K, 89% used [0x0000000080000000,0x0000000083bd5480,0x0000000084300000)
 Metaspace       used 60710K, committed 61952K, reserved 1114112K
  class space    used 7120K, committed 7616K, reserved 1048576K
}
Event: 73.181 GC heap before
{Heap before GC invocations=62 (full 3):
 PSYoungGen      total 10240K, used 10072K [0x00000000d5580000, 0x00000000d6180000, 0x0000000100000000)
  eden space 9216K, 100% used [0x00000000d5580000,0x00000000d5e80000,0x00000000d5e80000)
  from space 1024K, 83% used [0x00000000d6080000,0x00000000d6156200,0x00000000d6180000)
  to   space 1024K, 0% used [0x00000000d5f80000,0x00000000d5f80000,0x00000000d6080000)
 ParOldGen       total 68608K, used 61269K [0x0000000080000000, 0x0000000084300000, 0x00000000d5580000)
  object space 68608K, 89% used [0x0000000080000000,0x0000000083bd5480,0x0000000084300000)
 Metaspace       used 61084K, committed 62400K, reserved 1114112K
  class space    used 7163K, committed 7680K, reserved 1048576K
}
Event: 73.185 GC heap after
{Heap after GC invocations=62 (full 3):
 PSYoungGen      total 10240K, used 864K [0x00000000d5580000, 0x00000000d6100000, 0x0000000100000000)
  eden space 9216K, 0% used [0x00000000d5580000,0x00000000d5580000,0x00000000d5e80000)
  from space 1024K, 84% used [0x00000000d5f80000,0x00000000d6058020,0x00000000d6080000)
  to   space 512K, 0% used [0x00000000d6080000,0x00000000d6080000,0x00000000d6100000)
 ParOldGen       total 68608K, used 62021K [0x0000000080000000, 0x0000000084300000, 0x00000000d5580000)
  object space 68608K, 90% used [0x0000000080000000,0x0000000083c91680,0x0000000084300000)
 Metaspace       used 61084K, committed 62400K, reserved 1114112K
  class space    used 7163K, committed 7680K, reserved 1048576K
}

