# JRE version: Java(TM) SE Runtime Environment (20.0.1+9) (build 20.0.1+9-29)
# Java VM: Java HotSpot(TM) 64-Bit Server VM (20.0.1+9-29, mixed mode, sharing, tiered, compressed oops, compressed class ptrs, g1 gc, windows-amd64)
GC Precious Log:
 CardTable entry size: 512
 Card Set container configuration: InlinePtr #cards 5 size 8 Array Of Cards #cards 12 size 40 Howl #buckets 4 coarsen threshold 1843 Howl Bitmap #cards 512 size 80 coarsen threshold 460 Card regions per heap region 1 cards per card region 2048
 CPUs: 8 total, 8 available
 Memory: 7975M
 Large Page Support: Disabled
 NUMA Support: Disabled
 Compressed Oops: Enabled (32-bit)
 Heap Region Size: 1M
 Heap Min Capacity: 8M
 Heap Initial Capacity: 126M
 Heap Max Capacity: 2G
 Pre-touch: Disabled
 Parallel Workers: 8
 Concurrent Workers: 2
 Concurrent Refinement Workers: 8
 Periodic GC: Disabled
Heap:
 garbage-first heap   total 331776K, used 220080K [0x0000000080000000, 0x0000000100000000)
  region size 1024K, 9 young (9216K), 9 survivors (9216K)
 Metaspace       used 124300K, committed 127488K, reserved 552960K
  class space    used 17270K, committed 18816K, reserved 421888K
GC Heap History (20 events):
Event: 383.996 GC heap after
{Heap after GC invocations=50 (full 0):
 garbage-first heap   total 331776K, used 150708K [0x0000000080000000, 0x0000000100000000)
  region size 1024K, 3 young (3072K), 3 survivors (3072K)
 Metaspace       used 107732K, committed 110400K, reserved 552960K
  class space    used 14853K, committed 16192K, reserved 421888K
}
Event: 400.817 GC heap before
{Heap before GC invocations=50 (full 0):
 garbage-first heap   total 331776K, used 246964K [0x0000000080000000, 0x0000000100000000)
  region size 1024K, 97 young (99328K), 3 survivors (3072K)
 Metaspace       used 112171K, committed 114944K, reserved 552960K
  class space    used 15514K, committed 16896K, reserved 421888K
}
Event: 401.016 GC heap after
{Heap after GC invocations=51 (full 0):
 garbage-first heap   total 331776K, used 153801K [0x0000000080000000, 0x0000000100000000)
  region size 1024K, 6 young (6144K), 6 survivors (6144K)
 Metaspace       used 112171K, committed 114944K, reserved 552960K
  class space    used 15514K, committed 16896K, reserved 421888K
}
Event: 423.373 GC heap before
{Heap before GC invocations=51 (full 0):
 garbage-first heap   total 331776K, used 307401K [0x0000000080000000, 0x0000000100000000)
  region size 1024K, 156 young (159744K), 6 survivors (6144K)
 Metaspace       used 119533K, committed 122432K, reserved 552960K
  class space    used 16602K, committed 18048K, reserved 421888K
}
Event: 423.782 GC heap after
{Heap after GC invocations=52 (full 0):
 garbage-first heap   total 331776K, used 162669K [0x0000000080000000, 0x0000000100000000)
  region size 1024K, 15 young (15360K), 15 survivors (15360K)
 Metaspace       used 119533K, committed 122432K, reserved 552960K
  class space    used 16602K, committed 18048K, reserved 421888K
}
Event: 423.814 GC heap before
{Heap before GC invocations=52 (full 0):
 garbage-first heap   total 331776K, used 163693K [0x0000000080000000, 0x0000000100000000)
  region size 1024K, 16 young (16384K), 15 survivors (15360K)
 Metaspace       used 119533K, committed 122432K, reserved 552960K
  class space    used 16602K, committed 18048K, reserved 421888K
}
Event: 423.907 GC heap after
{Heap after GC invocations=53 (full 0):
 garbage-first heap   total 331776K, used 164468K [0x0000000080000000, 0x0000000100000000)
  region size 1024K, 2 young (2048K), 2 survivors (2048K)
 Metaspace       used 119533K, committed 122432K, reserved 552960K
  class space    used 16602K, committed 18048K, reserved 421888K
}
Event: 463.750 GC heap before
{Heap before GC invocations=53 (full 0):
 garbage-first heap   total 331776K, used 293492K [0x0000000080000000, 0x0000000100000000)
  region size 1024K, 128 young (131072K), 2 survivors (2048K)
 Metaspace       used 121561K, committed 124544K, reserved 552960K
  class space    used 16915K, committed 18368K, reserved 421888K
}
Event: 463.993 GC heap after
{Heap after GC invocations=54 (full 0):
 garbage-first heap   total 331776K, used 177171K [0x0000000080000000, 0x0000000100000000)
  region size 1024K, 15 young (15360K), 15 survivors (15360K)
 Metaspace       used 121561K, committed 124544K, reserved 552960K
  class space    used 16915K, committed 18368K, reserved 421888K
}
Event: 464.018 GC heap before
{Heap before GC invocations=54 (full 0):
 garbage-first heap   total 331776K, used 178195K [0x0000000080000000, 0x0000000100000000)
  region size 1024K, 16 young (16384K), 15 survivors (15360K)
 Metaspace       used 121561K, committed 124544K, reserved 552960K
  class space    used 16915K, committed 18368K, reserved 421888K
}
Event: 464.107 GC heap after
{Heap after GC invocations=55 (full 0):
 garbage-first heap   total 331776K, used 178697K [0x0000000080000000, 0x0000000100000000)
  region size 1024K, 2 young (2048K), 2 survivors (2048K)
 Metaspace       used 121561K, committed 124544K, reserved 552960K
  class space    used 16915K, committed 18368K, reserved 421888K
}
Event: 485.274 GC heap before
{Heap before GC invocations=56 (full 0):
 garbage-first heap   total 331776K, used 307721K [0x0000000080000000, 0x0000000100000000)
  region size 1024K, 128 young (131072K), 2 survivors (2048K)
 Metaspace       used 122274K, committed 125312K, reserved 552960K
  class space    used 17013K, committed 18496K, reserved 421888K
}
Event: 485.555 GC heap after
{Heap after GC invocations=57 (full 0):
 garbage-first heap   total 331776K, used 192704K [0x0000000080000000, 0x0000000100000000)
  region size 1024K, 15 young (15360K), 15 survivors (15360K)
 Metaspace       used 122274K, committed 125312K, reserved 552960K
  class space    used 17013K, committed 18496K, reserved 421888K
}
Event: 486.756 GC heap before
{Heap before GC invocations=57 (full 0):
 garbage-first heap   total 331776K, used 204992K [0x0000000080000000, 0x0000000100000000)
  region size 1024K, 27 young (27648K), 15 survivors (15360K)
 Metaspace       used 122304K, committed 125376K, reserved 552960K
  class space    used 17017K, committed 18560K, reserved 421888K
}
Event: 486.794 GC heap after
{Heap after GC invocations=58 (full 0):
 garbage-first heap   total 331776K, used 195209K [0x0000000080000000, 0x0000000100000000)
  region size 1024K, 3 young (3072K), 3 survivors (3072K)
 Metaspace       used 122304K, committed 125376K, reserved 552960K
  class space    used 17017K, committed 18560K, reserved 421888K
}
Event: 495.421 GC heap before
{Heap before GC invocations=58 (full 0):
 garbage-first heap   total 331776K, used 304777K [0x0000000080000000, 0x0000000100000000)
  region size 1024K, 111 young (113664K), 3 survivors (3072K)
 Metaspace       used 123003K, committed 126208K, reserved 552960K
  class space    used 17147K, committed 18688K, reserved 421888K
}
Event: 495.580 GC heap after
{Heap after GC invocations=59 (full 0):
 garbage-first heap   total 331776K, used 209782K [0x0000000080000000, 0x0000000100000000)
  region size 1024K, 14 young (14336K), 14 survivors (14336K)
 Metaspace       used 123003K, committed 126208K, reserved 552960K
  class space    used 17147K, committed 18688K, reserved 421888K
}
Event: 496.233 GC heap before
{Heap before GC invocations=59 (full 0):
 garbage-first heap   total 331776K, used 217974K [0x0000000080000000, 0x0000000100000000)
  region size 1024K, 23 young (23552K), 14 survivors (14336K)
 Metaspace       used 123030K, committed 126272K, reserved 552960K
  class space    used 17147K, committed 18688K, reserved 421888K
}
Event: 496.359 GC heap after
{Heap after GC invocations=60 (full 0):
 garbage-first heap   total 331776K, used 213660K [0x0000000080000000, 0x0000000100000000)
  region size 1024K, 3 young (3072K), 3 survivors (3072K)
 Metaspace       used 123030K, committed 126272K, reserved 552960K
  class space    used 17147K, committed 18688K, reserved 421888K
}
Event: 505.043 GC heap before
{Heap before GC invocations=60 (full 0):
 garbage-first heap   total 331776K, used 302748K [0x0000000080000000, 0x0000000100000000)
  region size 1024K, 91 young (93184K), 3 survivors (3072K)
 Metaspace       used 124300K, committed 127488K, reserved 552960K
  class space    used 17270K, committed 18816K, reserved 421888K
}

