# JRE version: OpenJDK Runtime Environment Temurin-21.0.8+9 (21.0.8+9) (build 21.0.8+9-LTS)
# Java VM: OpenJDK 64-Bit Server VM Temurin-21.0.8+9 (21.0.8+9-LTS, mixed mode, sharing, tiered, compressed oops, compressed class ptrs, parallel gc, windows-amd64)
GC Precious Log:
 CardTable entry size: 512
 CPUs: 8 total, 8 available
 Memory: 7975M
 Large Page Support: Disabled
 NUMA Support: Disabled
 Compressed Oops: Enabled (32-bit)
 Alignments: Space 512K, Generation 512K, Heap 2M
 Heap Min Capacity: 100M
 Heap Initial Capacity: 100M
 Heap Max Capacity: 2G
 Pre-touch: Disabled
 Parallel Workers: 8
Heap:
 PSYoungGen      total 2048K, used 1523K [0x00000000d5580000, 0x00000000d5880000, 0x0000000100000000)
  eden space 1536K, 74% used [0x00000000d5580000,0x00000000d569cfc0,0x00000000d5700000)
  from space 512K, 75% used [0x00000000d5780000,0x00000000d57e0010,0x00000000d5800000)
  to   space 512K, 0% used [0x00000000d5800000,0x00000000d5800000,0x00000000d5880000)
 ParOldGen       total 545792K, used 545704K [0x0000000080000000, 0x00000000a1500000, 0x00000000d5580000)
  object space 545792K, 99% used [0x0000000080000000,0x00000000a14ea228,0x00000000a1500000)
 Metaspace       used 89171K, committed 90880K, reserved 1179648K
  class space    used 10272K, committed 11072K, reserved 1048576K
GC Heap History (20 events):
Event: 41622.166 GC heap before
{Heap before GC invocations=6849 (full 5):
 PSYoungGen      total 2048K, used 1887K [0x00000000d5580000, 0x00000000d5880000, 0x0000000100000000)
  eden space 1536K, 99% used [0x00000000d5580000,0x00000000d56fffe8,0x00000000d5700000)
  from space 512K, 68% used [0x00000000d5780000,0x00000000d57d8010,0x00000000d5800000)
  to   space 512K, 0% used [0x00000000d5800000,0x00000000d5800000,0x00000000d5880000)
 ParOldGen       total 545792K, used 545680K [0x0000000080000000, 0x00000000a1500000, 0x00000000d5580000)
  object space 545792K, 99% used [0x0000000080000000,0x00000000a14e4228,0x00000000a1500000)
 Metaspace       used 89170K, committed 90880K, reserved 1179648K
  class space    used 10272K, committed 11072K, reserved 1048576K
}
Event: 41622.318 GC heap after
{Heap after GC invocations=6849 (full 5):
 PSYoungGen      total 2048K, used 160K [0x00000000d5580000, 0x00000000d5880000, 0x0000000100000000)
  eden space 1536K, 0% used [0x00000000d5580000,0x00000000d5580000,0x00000000d5700000)
  from space 512K, 31% used [0x00000000d5800000,0x00000000d5828000,0x00000000d5880000)
  to   space 512K, 0% used [0x00000000d5780000,0x00000000d5780000,0x00000000d5800000)
 ParOldGen       total 545792K, used 545680K [0x0000000080000000, 0x00000000a1500000, 0x00000000d5580000)
  object space 545792K, 99% used [0x0000000080000000,0x00000000a14e4228,0x00000000a1500000)
 Metaspace       used 89170K, committed 90880K, reserved 1179648K
  class space    used 10272K, committed 11072K, reserved 1048576K
}
Event: 44567.699 GC heap before
{Heap before GC invocations=6850 (full 5):
 PSYoungGen      total 2048K, used 1696K [0x00000000d5580000, 0x00000000d5880000, 0x0000000100000000)
  eden space 1536K, 100% used [0x00000000d5580000,0x00000000d5700000,0x00000000d5700000)
  from space 512K, 31% used [0x00000000d5800000,0x00000000d5828000,0x00000000d5880000)
  to   space 512K, 0% used [0x00000000d5780000,0x00000000d5780000,0x00000000d5800000)
 ParOldGen       total 545792K, used 545680K [0x0000000080000000, 0x00000000a1500000, 0x00000000d5580000)
  object space 545792K, 99% used [0x0000000080000000,0x00000000a14e4228,0x00000000a1500000)
 Metaspace       used 89170K, committed 90880K, reserved 1179648K
  class space    used 10272K, committed 11072K, reserved 1048576K
}
Event: 44567.854 GC heap after
{Heap after GC invocations=6850 (full 5):
 PSYoungGen      total 2048K, used 352K [0x00000000d5580000, 0x00000000d5880000, 0x0000000100000000)
  eden space 1536K, 0% used [0x00000000d5580000,0x00000000d5580000,0x00000000d5700000)
  from space 512K, 68% used [0x00000000d5780000,0x00000000d57d8010,0x00000000d5800000)
  to   space 512K, 0% used [0x00000000d5800000,0x00000000d5800000,0x00000000d5880000)
 ParOldGen       total 545792K, used 545680K [0x0000000080000000, 0x00000000a1500000, 0x00000000d5580000)
  object space 545792K, 99% used [0x0000000080000000,0x00000000a14e4228,0x00000000a1500000)
 Metaspace       used 89170K, committed 90880K, reserved 1179648K
  class space    used 10272K, committed 11072K, reserved 1048576K
}
Event: 47268.610 GC heap before
{Heap before GC invocations=6851 (full 5):
 PSYoungGen      total 2048K, used 1888K [0x00000000d5580000, 0x00000000d5880000, 0x0000000100000000)
  eden space 1536K, 99% used [0x00000000d5580000,0x00000000d56ffff8,0x00000000d5700000)
  from space 512K, 68% used [0x00000000d5780000,0x00000000d57d8010,0x00000000d5800000)
  to   space 512K, 0% used [0x00000000d5800000,0x00000000d5800000,0x00000000d5880000)
 ParOldGen       total 545792K, used 545680K [0x0000000080000000, 0x00000000a1500000, 0x00000000d5580000)
  object space 545792K, 99% used [0x0000000080000000,0x00000000a14e4228,0x00000000a1500000)
 Metaspace       used 89170K, committed 90880K, reserved 1179648K
  class space    used 10272K, committed 11072K, reserved 1048576K
}
Event: 47268.819 GC heap after
{Heap after GC invocations=6851 (full 5):
 PSYoungGen      total 2048K, used 448K [0x00000000d5580000, 0x00000000d5880000, 0x0000000100000000)
  eden space 1536K, 0% used [0x00000000d5580000,0x00000000d5580000,0x00000000d5700000)
  from space 512K, 87% used [0x00000000d5800000,0x00000000d5870010,0x00000000d5880000)
  to   space 512K, 0% used [0x00000000d5780000,0x00000000d5780000,0x00000000d5800000)
 ParOldGen       total 545792K, used 545680K [0x0000000080000000, 0x00000000a1500000, 0x00000000d5580000)
  object space 545792K, 99% used [0x0000000080000000,0x00000000a14e4228,0x00000000a1500000)
 Metaspace       used 89170K, committed 90880K, reserved 1179648K
  class space    used 10272K, committed 11072K, reserved 1048576K
}
Event: 50869.622 GC heap before
{Heap before GC invocations=6852 (full 5):
 PSYoungGen      total 2048K, used 1984K [0x00000000d5580000, 0x00000000d5880000, 0x0000000100000000)
  eden space 1536K, 100% used [0x00000000d5580000,0x00000000d5700000,0x00000000d5700000)
  from space 512K, 87% used [0x00000000d5800000,0x00000000d5870010,0x00000000d5880000)
  to   space 512K, 0% used [0x00000000d5780000,0x00000000d5780000,0x00000000d5800000)
 ParOldGen       total 545792K, used 545680K [0x0000000080000000, 0x00000000a1500000, 0x00000000d5580000)
  object space 545792K, 99% used [0x0000000080000000,0x00000000a14e4228,0x00000000a1500000)
 Metaspace       used 89170K, committed 90880K, reserved 1179648K
  class space    used 10272K, committed 11072K, reserved 1048576K
}
Event: 50869.802 GC heap after
{Heap after GC invocations=6852 (full 5):
 PSYoungGen      total 2048K, used 256K [0x00000000d5580000, 0x00000000d5880000, 0x0000000100000000)
  eden space 1536K, 0% used [0x00000000d5580000,0x00000000d5580000,0x00000000d5700000)
  from space 512K, 50% used [0x00000000d5780000,0x00000000d57c0000,0x00000000d5800000)
  to   space 512K, 0% used [0x00000000d5800000,0x00000000d5800000,0x00000000d5880000)
 ParOldGen       total 545792K, used 545680K [0x0000000080000000, 0x00000000a1500000, 0x00000000d5580000)
  object space 545792K, 99% used [0x0000000080000000,0x00000000a14e4228,0x00000000a1500000)
 Metaspace       used 89170K, committed 90880K, reserved 1179648K
  class space    used 10272K, committed 11072K, reserved 1048576K
}
Event: 52671.526 GC heap before
{Heap before GC invocations=6853 (full 5):
 PSYoungGen      total 2048K, used 1742K [0x00000000d5580000, 0x00000000d5880000, 0x0000000100000000)
  eden space 1536K, 96% used [0x00000000d5580000,0x00000000d56f3ad0,0x00000000d5700000)
  from space 512K, 50% used [0x00000000d5780000,0x00000000d57c0000,0x00000000d5800000)
  to   space 512K, 0% used [0x00000000d5800000,0x00000000d5800000,0x00000000d5880000)
 ParOldGen       total 545792K, used 545680K [0x0000000080000000, 0x00000000a1500000, 0x00000000d5580000)
  object space 545792K, 99% used [0x0000000080000000,0x00000000a14e4228,0x00000000a1500000)
 Metaspace       used 89170K, committed 90880K, reserved 1179648K
  class space    used 10272K, committed 11072K, reserved 1048576K
}
Event: 52671.799 GC heap after
{Heap after GC invocations=6853 (full 5):
 PSYoungGen      total 2048K, used 384K [0x00000000d5580000, 0x00000000d5880000, 0x0000000100000000)
  eden space 1536K, 0% used [0x00000000d5580000,0x00000000d5580000,0x00000000d5700000)
  from space 512K, 75% used [0x00000000d5800000,0x00000000d5860010,0x00000000d5880000)
  to   space 512K, 0% used [0x00000000d5780000,0x00000000d5780000,0x00000000d5800000)
 ParOldGen       total 545792K, used 545680K [0x0000000080000000, 0x00000000a1500000, 0x00000000d5580000)
  object space 545792K, 99% used [0x0000000080000000,0x00000000a14e4228,0x00000000a1500000)
 Metaspace       used 89170K, committed 90880K, reserved 1179648K
  class space    used 10272K, committed 11072K, reserved 1048576K
}
Event: 53572.462 GC heap before
{Heap before GC invocations=6854 (full 5):
 PSYoungGen      total 2048K, used 1920K [0x00000000d5580000, 0x00000000d5880000, 0x0000000100000000)
  eden space 1536K, 100% used [0x00000000d5580000,0x00000000d5700000,0x00000000d5700000)
  from space 512K, 75% used [0x00000000d5800000,0x00000000d5860010,0x00000000d5880000)
  to   space 512K, 0% used [0x00000000d5780000,0x00000000d5780000,0x00000000d5800000)
 ParOldGen       total 545792K, used 545680K [0x0000000080000000, 0x00000000a1500000, 0x00000000d5580000)
  object space 545792K, 99% used [0x0000000080000000,0x00000000a14e4228,0x00000000a1500000)
 Metaspace       used 89170K, committed 90880K, reserved 1179648K
  class space    used 10272K, committed 11072K, reserved 1048576K
}
Event: 53572.850 GC heap after
{Heap after GC invocations=6854 (full 5):
 PSYoungGen      total 2048K, used 480K [0x00000000d5580000, 0x00000000d5880000, 0x0000000100000000)
  eden space 1536K, 0% used [0x00000000d5580000,0x00000000d5580000,0x00000000d5700000)
  from space 512K, 93% used [0x00000000d5780000,0x00000000d57f8010,0x00000000d5800000)
  to   space 512K, 0% used [0x00000000d5800000,0x00000000d5800000,0x00000000d5880000)
 ParOldGen       total 545792K, used 545680K [0x0000000080000000, 0x00000000a1500000, 0x00000000d5580000)
  object space 545792K, 99% used [0x0000000080000000,0x00000000a14e4228,0x00000000a1500000)
 Metaspace       used 89170K, committed 90880K, reserved 1179648K
  class space    used 10272K, committed 11072K, reserved 1048576K
}
Event: 54473.396 GC heap before
{Heap before GC invocations=6855 (full 5):
 PSYoungGen      total 2048K, used 2016K [0x00000000d5580000, 0x00000000d5880000, 0x0000000100000000)
  eden space 1536K, 100% used [0x00000000d5580000,0x00000000d5700000,0x00000000d5700000)
  from space 512K, 93% used [0x00000000d5780000,0x00000000d57f8010,0x00000000d5800000)
  to   space 512K, 0% used [0x00000000d5800000,0x00000000d5800000,0x00000000d5880000)
 ParOldGen       total 545792K, used 545680K [0x0000000080000000, 0x00000000a1500000, 0x00000000d5580000)
  object space 545792K, 99% used [0x0000000080000000,0x00000000a14e4228,0x00000000a1500000)
 Metaspace       used 89170K, committed 90880K, reserved 1179648K
  class space    used 10272K, committed 11072K, reserved 1048576K
}
Event: 54473.609 GC heap after
{Heap after GC invocations=6855 (full 5):
 PSYoungGen      total 2048K, used 320K [0x00000000d5580000, 0x00000000d5880000, 0x0000000100000000)
  eden space 1536K, 0% used [0x00000000d5580000,0x00000000d5580000,0x00000000d5700000)
  from space 512K, 62% used [0x00000000d5800000,0x00000000d5850010,0x00000000d5880000)
  to   space 512K, 0% used [0x00000000d5780000,0x00000000d5780000,0x00000000d5800000)
 ParOldGen       total 545792K, used 545696K [0x0000000080000000, 0x00000000a1500000, 0x00000000d5580000)
  object space 545792K, 99% used [0x0000000080000000,0x00000000a14e8228,0x00000000a1500000)
 Metaspace       used 89170K, committed 90880K, reserved 1179648K
  class space    used 10272K, committed 11072K, reserved 1048576K
}
Event: 56274.612 GC heap before
{Heap before GC invocations=6856 (full 5):
 PSYoungGen      total 2048K, used 1856K [0x00000000d5580000, 0x00000000d5880000, 0x0000000100000000)
  eden space 1536K, 100% used [0x00000000d5580000,0x00000000d5700000,0x00000000d5700000)
  from space 512K, 62% used [0x00000000d5800000,0x00000000d5850010,0x00000000d5880000)
  to   space 512K, 0% used [0x00000000d5780000,0x00000000d5780000,0x00000000d5800000)
 ParOldGen       total 545792K, used 545696K [0x0000000080000000, 0x00000000a1500000, 0x00000000d5580000)
  object space 545792K, 99% used [0x0000000080000000,0x00000000a14e8228,0x00000000a1500000)
 Metaspace       used 89171K, committed 90880K, reserved 1179648K
  class space    used 10272K, committed 11072K, reserved 1048576K
}
Event: 56274.837 GC heap after
{Heap after GC invocations=6856 (full 5):
 PSYoungGen      total 2048K, used 448K [0x00000000d5580000, 0x00000000d5880000, 0x0000000100000000)
  eden space 1536K, 0% used [0x00000000d5580000,0x00000000d5580000,0x00000000d5700000)
  from space 512K, 87% used [0x00000000d5780000,0x00000000d57f0010,0x00000000d5800000)
  to   space 512K, 0% used [0x00000000d5800000,0x00000000d5800000,0x00000000d5880000)
 ParOldGen       total 545792K, used 545696K [0x0000000080000000, 0x00000000a1500000, 0x00000000d5580000)
  object space 545792K, 99% used [0x0000000080000000,0x00000000a14e8228,0x00000000a1500000)
 Metaspace       used 89171K, committed 90880K, reserved 1179648K
  class space    used 10272K, committed 11072K, reserved 1048576K
}
Event: 59878.959 GC heap before
{Heap before GC invocations=6857 (full 5):
 PSYoungGen      total 2048K, used 1984K [0x00000000d5580000, 0x00000000d5880000, 0x0000000100000000)
  eden space 1536K, 100% used [0x00000000d5580000,0x00000000d5700000,0x00000000d5700000)
  from space 512K, 87% used [0x00000000d5780000,0x00000000d57f0010,0x00000000d5800000)
  to   space 512K, 0% used [0x00000000d5800000,0x00000000d5800000,0x00000000d5880000)
 ParOldGen       total 545792K, used 545696K [0x0000000080000000, 0x00000000a1500000, 0x00000000d5580000)
  object space 545792K, 99% used [0x0000000080000000,0x00000000a14e8228,0x00000000a1500000)
 Metaspace       used 89171K, committed 90880K, reserved 1179648K
  class space    used 10272K, committed 11072K, reserved 1048576K
}
Event: 59879.227 GC heap after
{Heap after GC invocations=6857 (full 5):
 PSYoungGen      total 2048K, used 256K [0x00000000d5580000, 0x00000000d5880000, 0x0000000100000000)
  eden space 1536K, 0% used [0x00000000d5580000,0x00000000d5580000,0x00000000d5700000)
  from space 512K, 50% used [0x00000000d5800000,0x00000000d5840000,0x00000000d5880000)
  to   space 512K, 0% used [0x00000000d5780000,0x00000000d5780000,0x00000000d5800000)
 ParOldGen       total 545792K, used 545704K [0x0000000080000000, 0x00000000a1500000, 0x00000000d5580000)
  object space 545792K, 99% used [0x0000000080000000,0x00000000a14ea228,0x00000000a1500000)
 Metaspace       used 89171K, committed 90880K, reserved 1179648K
  class space    used 10272K, committed 11072K, reserved 1048576K
}
Event: 62582.295 GC heap before
{Heap before GC invocations=6858 (full 5):
 PSYoungGen      total 2048K, used 1792K [0x00000000d5580000, 0x00000000d5880000, 0x0000000100000000)
  eden space 1536K, 100% used [0x00000000d5580000,0x00000000d5700000,0x00000000d5700000)
  from space 512K, 50% used [0x00000000d5800000,0x00000000d5840000,0x00000000d5880000)
  to   space 512K, 0% used [0x00000000d5780000,0x00000000d5780000,0x00000000d5800000)
 ParOldGen       total 545792K, used 545704K [0x0000000080000000, 0x00000000a1500000, 0x00000000d5580000)
  object space 545792K, 99% used [0x0000000080000000,0x00000000a14ea228,0x00000000a1500000)
 Metaspace       used 89171K, committed 90880K, reserved 1179648K
  class space    used 10272K, committed 11072K, reserved 1048576K
}
Event: 62582.530 GC heap after
{Heap after GC invocations=6858 (full 5):
 PSYoungGen      total 2048K, used 384K [0x00000000d5580000, 0x00000000d5880000, 0x0000000100000000)
  eden space 1536K, 0% used [0x00000000d5580000,0x00000000d5580000,0x00000000d5700000)
  from space 512K, 75% used [0x00000000d5780000,0x00000000d57e0010,0x00000000d5800000)
  to   space 512K, 0% used [0x00000000d5800000,0x00000000d5800000,0x00000000d5880000)
 ParOldGen       total 545792K, used 545704K [0x0000000080000000, 0x00000000a1500000, 0x00000000d5580000)
  object space 545792K, 99% used [0x0000000080000000,0x00000000a14ea228,0x00000000a1500000)
 Metaspace       used 89171K, committed 90880K, reserved 1179648K
  class space    used 10272K, committed 11072K, reserved 1048576K
}

