# JRE version: OpenJDK Runtime Environment Temurin-21.0.8+9 (21.0.8+9) (build 21.0.8+9-LTS)
# Java VM: OpenJDK 64-Bit Server VM Temurin-21.0.8+9 (21.0.8+9-LTS, mixed mode, sharing, tiered, compressed oops, compressed class ptrs, parallel gc, windows-amd64)
GC Precious Log:
 CardTable entry size: 512
 CPUs: 8 total, 8 available
 Memory: 7975M
 Large Page Support: Disabled
 NUMA Support: Disabled
 Compressed Oops: Enabled (32-bit)
 Alignments: Space 512K, Generation 512K, Heap 2M
 Heap Min Capacity: 100M
 Heap Initial Capacity: 100M
 Heap Max Capacity: 2G
 Pre-touch: Disabled
 Parallel Workers: 8
Heap:
 PSYoungGen      total 15360K, used 11391K [0x00000000d5580000, 0x00000000d6600000, 0x0000000100000000)
  eden space 13824K, 75% used [0x00000000d5580000,0x00000000d5fa48c8,0x00000000d6300000)
  from space 1536K, 65% used [0x00000000d6300000,0x00000000d63fb480,0x00000000d6480000)
  to   space 1536K, 0% used [0x00000000d6480000,0x00000000d6480000,0x00000000d6600000)
 ParOldGen       total 68608K, used 65824K [0x0000000080000000, 0x0000000084300000, 0x00000000d5580000)
  object space 68608K, 95% used [0x0000000080000000,0x0000000084048188,0x0000000084300000)
 Metaspace       used 62526K, committed 63872K, reserved 1114112K
  class space    used 7236K, committed 7872K, reserved 1048576K
GC Heap History (20 events):
Event: 94.242 GC heap before
{Heap before GC invocations=57 (full 3):
 PSYoungGen      total 16384K, used 15840K [0x00000000d5580000, 0x00000000d6800000, 0x0000000100000000)
  eden space 14336K, 100% used [0x00000000d5580000,0x00000000d6380000,0x00000000d6380000)
  from space 2048K, 73% used [0x00000000d6400000,0x00000000d6578040,0x00000000d6600000)
  to   space 2048K, 0% used [0x00000000d6600000,0x00000000d6600000,0x00000000d6800000)
 ParOldGen       total 68608K, used 53732K [0x0000000080000000, 0x0000000084300000, 0x00000000d5580000)
  object space 68608K, 78% used [0x0000000080000000,0x0000000083479118,0x0000000084300000)
 Metaspace       used 61251K, committed 62656K, reserved 1114112K
  class space    used 7076K, committed 7744K, reserved 1048576K
}
Event: 94.245 GC heap after
{Heap after GC invocations=57 (full 3):
 PSYoungGen      total 15872K, used 1280K [0x00000000d5580000, 0x00000000d6780000, 0x0000000100000000)
  eden space 14336K, 0% used [0x00000000d5580000,0x00000000d5580000,0x00000000d6380000)
  from space 1536K, 83% used [0x00000000d6600000,0x00000000d6740010,0x00000000d6780000)
  to   space 1536K, 0% used [0x00000000d6480000,0x00000000d6480000,0x00000000d6600000)
 ParOldGen       total 68608K, used 54764K [0x0000000080000000, 0x0000000084300000, 0x00000000d5580000)
  object space 68608K, 79% used [0x0000000080000000,0x000000008357b138,0x0000000084300000)
 Metaspace       used 61251K, committed 62656K, reserved 1114112K
  class space    used 7076K, committed 7744K, reserved 1048576K
}
Event: 94.500 GC heap before
{Heap before GC invocations=58 (full 3):
 PSYoungGen      total 15872K, used 15616K [0x00000000d5580000, 0x00000000d6780000, 0x0000000100000000)
  eden space 14336K, 100% used [0x00000000d5580000,0x00000000d6380000,0x00000000d6380000)
  from space 1536K, 83% used [0x00000000d6600000,0x00000000d6740010,0x00000000d6780000)
  to   space 1536K, 0% used [0x00000000d6480000,0x00000000d6480000,0x00000000d6600000)
 ParOldGen       total 68608K, used 54764K [0x0000000080000000, 0x0000000084300000, 0x00000000d5580000)
  object space 68608K, 79% used [0x0000000080000000,0x000000008357b138,0x0000000084300000)
 Metaspace       used 61649K, committed 63040K, reserved 1114112K
  class space    used 7135K, committed 7808K, reserved 1048576K
}
Event: 94.504 GC heap after
{Heap after GC invocations=58 (full 3):
 PSYoungGen      total 15872K, used 1489K [0x00000000d5580000, 0x00000000d6680000, 0x0000000100000000)
  eden space 14336K, 0% used [0x00000000d5580000,0x00000000d5580000,0x00000000d6380000)
  from space 1536K, 96% used [0x00000000d6480000,0x00000000d65f4410,0x00000000d6600000)
  to   space 512K, 0% used [0x00000000d6600000,0x00000000d6600000,0x00000000d6680000)
 ParOldGen       total 68608K, used 55948K [0x0000000080000000, 0x0000000084300000, 0x00000000d5580000)
  object space 68608K, 81% used [0x0000000080000000,0x00000000836a3178,0x0000000084300000)
 Metaspace       used 61649K, committed 63040K, reserved 1114112K
  class space    used 7135K, committed 7808K, reserved 1048576K
}
Event: 94.607 GC heap before
{Heap before GC invocations=59 (full 3):
 PSYoungGen      total 15872K, used 15825K [0x00000000d5580000, 0x00000000d6680000, 0x0000000100000000)
  eden space 14336K, 100% used [0x00000000d5580000,0x00000000d6380000,0x00000000d6380000)
  from space 1536K, 96% used [0x00000000d6480000,0x00000000d65f4410,0x00000000d6600000)
  to   space 512K, 0% used [0x00000000d6600000,0x00000000d6600000,0x00000000d6680000)
 ParOldGen       total 68608K, used 55948K [0x0000000080000000, 0x0000000084300000, 0x00000000d5580000)
  object space 68608K, 81% used [0x0000000080000000,0x00000000836a3178,0x0000000084300000)
 Metaspace       used 61654K, committed 63040K, reserved 1114112K
  class space    used 7135K, committed 7808K, reserved 1048576K
}
Event: 94.611 GC heap after
{Heap after GC invocations=59 (full 3):
 PSYoungGen      total 14336K, used 512K [0x00000000d5580000, 0x00000000d6980000, 0x0000000100000000)
  eden space 13824K, 0% used [0x00000000d5580000,0x00000000d5580000,0x00000000d6300000)
  from space 512K, 100% used [0x00000000d6600000,0x00000000d6680000,0x00000000d6680000)
  to   space 3072K, 0% used [0x00000000d6300000,0x00000000d6300000,0x00000000d6600000)
 ParOldGen       total 68608K, used 58121K [0x0000000080000000, 0x0000000084300000, 0x00000000d5580000)
  object space 68608K, 84% used [0x0000000080000000,0x00000000838c2478,0x0000000084300000)
 Metaspace       used 61654K, committed 63040K, reserved 1114112K
  class space    used 7135K, committed 7808K, reserved 1048576K
}
Event: 94.736 GC heap before
{Heap before GC invocations=60 (full 3):
 PSYoungGen      total 14336K, used 14336K [0x00000000d5580000, 0x00000000d6980000, 0x0000000100000000)
  eden space 13824K, 100% used [0x00000000d5580000,0x00000000d6300000,0x00000000d6300000)
  from space 512K, 100% used [0x00000000d6600000,0x00000000d6680000,0x00000000d6680000)
  to   space 3072K, 0% used [0x00000000d6300000,0x00000000d6300000,0x00000000d6600000)
 ParOldGen       total 68608K, used 58121K [0x0000000080000000, 0x0000000084300000, 0x00000000d5580000)
  object space 68608K, 84% used [0x0000000080000000,0x00000000838c2478,0x0000000084300000)
 Metaspace       used 61690K, committed 63040K, reserved 1114112K
  class space    used 7138K, committed 7808K, reserved 1048576K
}
Event: 94.742 GC heap after
{Heap after GC invocations=60 (full 3):
 PSYoungGen      total 15872K, used 1538K [0x00000000d5580000, 0x00000000d6700000, 0x0000000100000000)
  eden space 13824K, 0% used [0x00000000d5580000,0x00000000d5580000,0x00000000d6300000)
  from space 2048K, 75% used [0x00000000d6300000,0x00000000d6480800,0x00000000d6500000)
  to   space 2048K, 0% used [0x00000000d6500000,0x00000000d6500000,0x00000000d6700000)
 ParOldGen       total 68608K, used 58657K [0x0000000080000000, 0x0000000084300000, 0x00000000d5580000)
  object space 68608K, 85% used [0x0000000080000000,0x0000000083948498,0x0000000084300000)
 Metaspace       used 61690K, committed 63040K, reserved 1114112K
  class space    used 7138K, committed 7808K, reserved 1048576K
}
Event: 94.844 GC heap before
{Heap before GC invocations=61 (full 3):
 PSYoungGen      total 15872K, used 15362K [0x00000000d5580000, 0x00000000d6700000, 0x0000000100000000)
  eden space 13824K, 100% used [0x00000000d5580000,0x00000000d6300000,0x00000000d6300000)
  from space 2048K, 75% used [0x00000000d6300000,0x00000000d6480800,0x00000000d6500000)
  to   space 2048K, 0% used [0x00000000d6500000,0x00000000d6500000,0x00000000d6700000)
 ParOldGen       total 68608K, used 58657K [0x0000000080000000, 0x0000000084300000, 0x00000000d5580000)
  object space 68608K, 85% used [0x0000000080000000,0x0000000083948498,0x0000000084300000)
 Metaspace       used 61692K, committed 63104K, reserved 1114112K
  class space    used 7138K, committed 7808K, reserved 1048576K
}
Event: 94.882 GC heap after
{Heap after GC invocations=61 (full 3):
 PSYoungGen      total 15872K, used 1444K [0x00000000d5580000, 0x00000000d6700000, 0x0000000100000000)
  eden space 13824K, 0% used [0x00000000d5580000,0x00000000d5580000,0x00000000d6300000)
  from space 2048K, 70% used [0x00000000d6500000,0x00000000d6669000,0x00000000d6700000)
  to   space 2048K, 0% used [0x00000000d6300000,0x00000000d6300000,0x00000000d6500000)
 ParOldGen       total 68608K, used 59951K [0x0000000080000000, 0x0000000084300000, 0x00000000d5580000)
  object space 68608K, 87% used [0x0000000080000000,0x0000000083a8be48,0x0000000084300000)
 Metaspace       used 61692K, committed 63104K, reserved 1114112K
  class space    used 7138K, committed 7808K, reserved 1048576K
}
Event: 94.952 GC heap before
{Heap before GC invocations=62 (full 3):
 PSYoungGen      total 15872K, used 15268K [0x00000000d5580000, 0x00000000d6700000, 0x0000000100000000)
  eden space 13824K, 100% used [0x00000000d5580000,0x00000000d6300000,0x00000000d6300000)
  from space 2048K, 70% used [0x00000000d6500000,0x00000000d6669000,0x00000000d6700000)
  to   space 2048K, 0% used [0x00000000d6300000,0x00000000d6300000,0x00000000d6500000)
 ParOldGen       total 68608K, used 59951K [0x0000000080000000, 0x0000000084300000, 0x00000000d5580000)
  object space 68608K, 87% used [0x0000000080000000,0x0000000083a8be48,0x0000000084300000)
 Metaspace       used 61694K, committed 63104K, reserved 1114112K
  class space    used 7138K, committed 7808K, reserved 1048576K
}
Event: 94.969 GC heap after
{Heap after GC invocations=62 (full 3):
 PSYoungGen      total 15360K, used 1280K [0x00000000d5580000, 0x00000000d6600000, 0x0000000100000000)
  eden space 13824K, 0% used [0x00000000d5580000,0x00000000d5580000,0x00000000d6300000)
  from space 1536K, 83% used [0x00000000d6300000,0x00000000d6440000,0x00000000d6480000)
  to   space 1536K, 0% used [0x00000000d6480000,0x00000000d6480000,0x00000000d6600000)
 ParOldGen       total 68608K, used 61247K [0x0000000080000000, 0x0000000084300000, 0x00000000d5580000)
  object space 68608K, 89% used [0x0000000080000000,0x0000000083bcff48,0x0000000084300000)
 Metaspace       used 61694K, committed 63104K, reserved 1114112K
  class space    used 7138K, committed 7808K, reserved 1048576K
}
Event: 95.118 GC heap before
{Heap before GC invocations=63 (full 3):
 PSYoungGen      total 15360K, used 14859K [0x00000000d5580000, 0x00000000d6600000, 0x0000000100000000)
  eden space 13824K, 98% used [0x00000000d5580000,0x00000000d62c2f98,0x00000000d6300000)
  from space 1536K, 83% used [0x00000000d6300000,0x00000000d6440000,0x00000000d6480000)
  to   space 1536K, 0% used [0x00000000d6480000,0x00000000d6480000,0x00000000d6600000)
 ParOldGen       total 68608K, used 61247K [0x0000000080000000, 0x0000000084300000, 0x00000000d5580000)
  object space 68608K, 89% used [0x0000000080000000,0x0000000083bcff48,0x0000000084300000)
 Metaspace       used 61707K, committed 63104K, reserved 1114112K
  class space    used 7138K, committed 7808K, reserved 1048576K
}
Event: 95.123 GC heap after
{Heap after GC invocations=63 (full 3):
 PSYoungGen      total 15360K, used 1248K [0x00000000d5580000, 0x00000000d6600000, 0x0000000100000000)
  eden space 13824K, 0% used [0x00000000d5580000,0x00000000d5580000,0x00000000d6300000)
  from space 1536K, 81% used [0x00000000d6480000,0x00000000d65b8000,0x00000000d6600000)
  to   space 1536K, 0% used [0x00000000d6300000,0x00000000d6300000,0x00000000d6480000)
 ParOldGen       total 68608K, used 62351K [0x0000000080000000, 0x0000000084300000, 0x00000000d5580000)
  object space 68608K, 90% used [0x0000000080000000,0x0000000083ce3f78,0x0000000084300000)
 Metaspace       used 61707K, committed 63104K, reserved 1114112K
  class space    used 7138K, committed 7808K, reserved 1048576K
}
Event: 95.240 GC heap before
{Heap before GC invocations=64 (full 3):
 PSYoungGen      total 15360K, used 15072K [0x00000000d5580000, 0x00000000d6600000, 0x0000000100000000)
  eden space 13824K, 100% used [0x00000000d5580000,0x00000000d6300000,0x00000000d6300000)
  from space 1536K, 81% used [0x00000000d6480000,0x00000000d65b8000,0x00000000d6600000)
  to   space 1536K, 0% used [0x00000000d6300000,0x00000000d6300000,0x00000000d6480000)
 ParOldGen       total 68608K, used 62351K [0x0000000080000000, 0x0000000084300000, 0x00000000d5580000)
  object space 68608K, 90% used [0x0000000080000000,0x0000000083ce3f78,0x0000000084300000)
 Metaspace       used 61724K, committed 63168K, reserved 1114112K
  class space    used 7138K, committed 7808K, reserved 1048576K
}
Event: 95.245 GC heap after
{Heap after GC invocations=64 (full 3):
 PSYoungGen      total 15360K, used 1408K [0x00000000d5580000, 0x00000000d6600000, 0x0000000100000000)
  eden space 13824K, 0% used [0x00000000d5580000,0x00000000d5580000,0x00000000d6300000)
  from space 1536K, 91% used [0x00000000d6300000,0x00000000d6460010,0x00000000d6480000)
  to   space 1536K, 0% used [0x00000000d6480000,0x00000000d6480000,0x00000000d6600000)
 ParOldGen       total 68608K, used 63455K [0x0000000080000000, 0x0000000084300000, 0x00000000d5580000)
  object space 68608K, 92% used [0x0000000080000000,0x0000000083df7f78,0x0000000084300000)
 Metaspace       used 61724K, committed 63168K, reserved 1114112K
  class space    used 7138K, committed 7808K, reserved 1048576K
}
Event: 95.418 GC heap before
{Heap before GC invocations=65 (full 3):
 PSYoungGen      total 15360K, used 15232K [0x00000000d5580000, 0x00000000d6600000, 0x0000000100000000)
  eden space 13824K, 100% used [0x00000000d5580000,0x00000000d6300000,0x00000000d6300000)
  from space 1536K, 91% used [0x00000000d6300000,0x00000000d6460010,0x00000000d6480000)
  to   space 1536K, 0% used [0x00000000d6480000,0x00000000d6480000,0x00000000d6600000)
 ParOldGen       total 68608K, used 63455K [0x0000000080000000, 0x0000000084300000, 0x00000000d5580000)
  object space 68608K, 92% used [0x0000000080000000,0x0000000083df7f78,0x0000000084300000)
 Metaspace       used 61743K, committed 63168K, reserved 1114112K
  class space    used 7139K, committed 7808K, reserved 1048576K
}
Event: 95.422 GC heap after
{Heap after GC invocations=65 (full 3):
 PSYoungGen      total 15360K, used 1176K [0x00000000d5580000, 0x00000000d6600000, 0x0000000100000000)
  eden space 13824K, 0% used [0x00000000d5580000,0x00000000d5580000,0x00000000d6300000)
  from space 1536K, 76% used [0x00000000d6480000,0x00000000d65a6200,0x00000000d6600000)
  to   space 1536K, 0% used [0x00000000d6300000,0x00000000d6300000,0x00000000d6480000)
 ParOldGen       total 68608K, used 64743K [0x0000000080000000, 0x0000000084300000, 0x00000000d5580000)
  object space 68608K, 94% used [0x0000000080000000,0x0000000083f39f88,0x0000000084300000)
 Metaspace       used 61743K, committed 63168K, reserved 1114112K
  class space    used 7139K, committed 7808K, reserved 1048576K
}
Event: 95.740 GC heap before
{Heap before GC invocations=66 (full 3):
 PSYoungGen      total 15360K, used 15000K [0x00000000d5580000, 0x00000000d6600000, 0x0000000100000000)
  eden space 13824K, 100% used [0x00000000d5580000,0x00000000d6300000,0x00000000d6300000)
  from space 1536K, 76% used [0x00000000d6480000,0x00000000d65a6200,0x00000000d6600000)
  to   space 1536K, 0% used [0x00000000d6300000,0x00000000d6300000,0x00000000d6480000)
 ParOldGen       total 68608K, used 64743K [0x0000000080000000, 0x0000000084300000, 0x00000000d5580000)
  object space 68608K, 94% used [0x0000000080000000,0x0000000083f39f88,0x0000000084300000)
 Metaspace       used 62188K, committed 63552K, reserved 1114112K
  class space    used 7189K, committed 7808K, reserved 1048576K
}
Event: 95.743 GC heap after
{Heap after GC invocations=66 (full 3):
 PSYoungGen      total 15360K, used 1005K [0x00000000d5580000, 0x00000000d6600000, 0x0000000100000000)
  eden space 13824K, 0% used [0x00000000d5580000,0x00000000d5580000,0x00000000d6300000)
  from space 1536K, 65% used [0x00000000d6300000,0x00000000d63fb480,0x00000000d6480000)
  to   space 1536K, 0% used [0x00000000d6480000,0x00000000d6480000,0x00000000d6600000)
 ParOldGen       total 68608K, used 65824K [0x0000000080000000, 0x0000000084300000, 0x00000000d5580000)
  object space 68608K, 95% used [0x0000000080000000,0x0000000084048188,0x0000000084300000)
 Metaspace       used 62188K, committed 63552K, reserved 1114112K
  class space    used 7189K, committed 7808K, reserved 1048576K
}

